{"numFailedTestSuites":0,"numFailedTests":0,"numPassedTestSuites":5,"numPassedTests":16,"numPendingTestSuites":0,"numPendingTests":0,"numRuntimeErrorTestSuites":0,"numTodoTests":0,"numTotalTestSuites":5,"numTotalTests":16,"openHandles":[],"snapshot":{"added":0,"didUpdate":false,"failure":false,"filesAdded":0,"filesRemoved":0,"filesRemovedList":[],"filesUnmatched":0,"filesUpdated":0,"matched":0,"total":0,"unchecked":0,"uncheckedKeysByFile":[],"unmatched":0,"updated":0},"startTime":1627378995553,"success":true,"testResults":[{"assertionResults":[{"ancestorTitles":["callback Test","getDataFromFile"],"failureMessages":[],"fullName":"callback Test getDataFromFile 파일을 읽고 나서 callback이 실행되어야 합니다","location":null,"status":"passed","title":"파일을 읽고 나서 callback이 실행되어야 합니다"},{"ancestorTitles":["callback Test","getDataFromFile"],"failureMessages":[],"fullName":"callback Test getDataFromFile 에러가 발생할 경우, callback 첫번째 인자에 에러 객체가 전달되어야 합니다","location":null,"status":"passed","title":"에러가 발생할 경우, callback 첫번째 인자에 에러 객체가 전달되어야 합니다"},{"ancestorTitles":["callback Test","getDataFromFile"],"failureMessages":[],"fullName":"callback Test getDataFromFile callback 두번째 인자에 파일 내용이 전달되어야 합니다","location":null,"status":"passed","title":"callback 두번째 인자에 파일 내용이 전달되어야 합니다"}],"endTime":1627378996302,"message":"","name":"/Users/jinhyun/Desktop/projects/im-sprint-async-and-promise/part-2/__test__/01_callBack.test.js","startTime":1627378996061,"status":"passed","summary":""},{"assertionResults":[{"ancestorTitles":["Promise Test","getDataFromFilePromise"],"failureMessages":[],"fullName":"Promise Test getDataFromFilePromise Promise 형태로 리턴되어야 합니다","location":null,"status":"passed","title":"Promise 형태로 리턴되어야 합니다"},{"ancestorTitles":["Promise Test","getDataFromFilePromise"],"failureMessages":[],"fullName":"Promise Test getDataFromFilePromise then 블록을 통하여 파일 내용이 전달되어야 합니다","location":null,"status":"passed","title":"then 블록을 통하여 파일 내용이 전달되어야 합니다"},{"ancestorTitles":["Promise Test","getDataFromFilePromise"],"failureMessages":[],"fullName":"Promise Test getDataFromFilePromise 에러가 발생할 경우, catch 블록을 통하여 에러 객체가 전달되어야 합니다","location":null,"status":"passed","title":"에러가 발생할 경우, catch 블록을 통하여 에러 객체가 전달되어야 합니다"}],"endTime":1627378996361,"message":"","name":"/Users/jinhyun/Desktop/projects/im-sprint-async-and-promise/part-2/__test__/02_promiseConstructor.test.js","startTime":1627378996308,"status":"passed","summary":""},{"assertionResults":[{"ancestorTitles":["Basic chaining Test","readAllUsersChaining"],"failureMessages":[],"fullName":"Basic chaining Test readAllUsersChaining 체이닝의 결과가 Promise 형태로 리턴되어야 합니다","location":null,"status":"passed","title":"체이닝의 결과가 Promise 형태로 리턴되어야 합니다"},{"ancestorTitles":["Basic chaining Test","readAllUsersChaining"],"failureMessages":[],"fullName":"Basic chaining Test readAllUsersChaining user1.json의 내용과 user2.json 내용을 합쳐 객체로 리턴되어야 합니다","location":null,"status":"passed","title":"user1.json의 내용과 user2.json 내용을 합쳐 객체로 리턴되어야 합니다"},{"ancestorTitles":["Basic chaining Test","readAllUsersChaining"],"failureMessages":[],"fullName":"Basic chaining Test readAllUsersChaining fs module을 직접 사용하지 말고, getDataFromFilePromise을 두 번 사용해야 합니다","location":null,"status":"passed","title":"fs module을 직접 사용하지 말고, getDataFromFilePromise을 두 번 사용해야 합니다"},{"ancestorTitles":["Basic chaining Test","readAllUsersChaining"],"failureMessages":[],"fullName":"Basic chaining Test readAllUsersChaining Promise.all 또는 async/await을 사용하지 않고 풀어보세요","location":null,"status":"passed","title":"Promise.all 또는 async/await을 사용하지 않고 풀어보세요"}],"endTime":1627378996464,"message":"","name":"/Users/jinhyun/Desktop/projects/im-sprint-async-and-promise/part-2/__test__/03_basicChaining.test.js","startTime":1627378996365,"status":"passed","summary":""},{"assertionResults":[{"ancestorTitles":["Promise.all Test","readAllUsers"],"failureMessages":[],"fullName":"Promise.all Test readAllUsers Promise 형태로 리턴되어야 합니다","location":null,"status":"passed","title":"Promise 형태로 리턴되어야 합니다"},{"ancestorTitles":["Promise.all Test","readAllUsers"],"failureMessages":[],"fullName":"Promise.all Test readAllUsers Promise.all을 사용해서 풀어야 합니다","location":null,"status":"passed","title":"Promise.all을 사용해서 풀어야 합니다"},{"ancestorTitles":["Promise.all Test","readAllUsers"],"failureMessages":[],"fullName":"Promise.all Test readAllUsers user1.json의 내용과 user2.json 내용을 합쳐 객체로 리턴되어야 합니다","location":null,"status":"passed","title":"user1.json의 내용과 user2.json 내용을 합쳐 객체로 리턴되어야 합니다"}],"endTime":1627378996494,"message":"","name":"/Users/jinhyun/Desktop/projects/im-sprint-async-and-promise/part-2/__test__/04_promiseAll.test.js","startTime":1627378996467,"status":"passed","summary":""},{"assertionResults":[{"ancestorTitles":["async/await Test","readAllUsersAsyncAwait"],"failureMessages":[],"fullName":"async/await Test readAllUsersAsyncAwait async 키워드를 사용한 함수는 AsyncFunction의 인스턴스입니다","location":null,"status":"passed","title":"async 키워드를 사용한 함수는 AsyncFunction의 인스턴스입니다"},{"ancestorTitles":["async/await Test","readAllUsersAsyncAwait"],"failureMessages":[],"fullName":"async/await Test readAllUsersAsyncAwait await 키워드만 이용해 배열이 리턴되어야 합니다","location":null,"status":"passed","title":"await 키워드만 이용해 배열이 리턴되어야 합니다"},{"ancestorTitles":["async/await Test","readAllUsersAsyncAwait"],"failureMessages":[],"fullName":"async/await Test readAllUsersAsyncAwait user1.json의 내용과 user2.json 내용을 합쳐 배열로 리턴되어야 합니다","location":null,"status":"passed","title":"user1.json의 내용과 user2.json 내용을 합쳐 배열로 리턴되어야 합니다"}],"endTime":1627378996519,"message":"","name":"/Users/jinhyun/Desktop/projects/im-sprint-async-and-promise/part-2/__test__/05_asyncAwait.test.js","startTime":1627378996497,"status":"passed","summary":""}],"wasInterrupted":false}